# Logfile created on 2014-03-29 15:47:39 +0800 by logger.rb/31641
I, [2014-03-29T15:47:39.542193 #808]  INFO -- : 0:  rake (10.0.4) from /Users/flask/.rvm/gems/ruby-1.9.3-p484/specifications/rake-10.0.4.gemspec
I, [2014-03-29T15:47:39.542691 #808]  INFO -- : 0:  i18n (0.6.1) from /Users/flask/.rvm/gems/ruby-1.9.3-p484/specifications/i18n-0.6.1.gemspec
I, [2014-03-29T15:47:39.857049 #808]  INFO -- : 0:  multi_json (1.7.2) from /Users/flask/.rvm/gems/ruby-1.9.3-p484/specifications/multi_json-1.7.2.gemspec
I, [2014-03-29T15:47:39.859495 #808]  INFO -- : 0:  activesupport (3.2.13) from /Users/flask/.rvm/gems/ruby-1.9.3-p484/specifications/activesupport-3.2.13.gemspec
I, [2014-03-29T15:47:39.860369 #808]  INFO -- : 0:  builder (3.0.4) from /Users/flask/.rvm/gems/ruby-1.9.3-p484/specifications/builder-3.0.4.gemspec
I, [2014-03-29T15:47:39.861145 #808]  INFO -- : 0:  activemodel (3.2.13) from /Users/flask/.rvm/gems/ruby-1.9.3-p484/specifications/activemodel-3.2.13.gemspec
I, [2014-03-29T15:47:39.861865 #808]  INFO -- : 0:  erubis (2.7.0) from /Users/flask/.rvm/gems/ruby-1.9.3-p484/specifications/erubis-2.7.0.gemspec
I, [2014-03-29T15:47:39.870384 #808]  INFO -- : 0:  journey (1.0.4) from /Users/flask/.rvm/gems/ruby-1.9.3-p484/specifications/journey-1.0.4.gemspec
I, [2014-03-29T15:47:39.871216 #808]  INFO -- : 0:  rack (1.4.5) from /Users/flask/.rvm/gems/ruby-1.9.3-p484/specifications/rack-1.4.5.gemspec
I, [2014-03-29T15:47:39.871996 #808]  INFO -- : 0:  rack-cache (1.2) from /Users/flask/.rvm/gems/ruby-1.9.3-p484/specifications/rack-cache-1.2.gemspec
I, [2014-03-29T15:47:39.872727 #808]  INFO -- : 0:  rack-test (0.6.2) from /Users/flask/.rvm/gems/ruby-1.9.3-p484/specifications/rack-test-0.6.2.gemspec
I, [2014-03-29T15:47:40.153323 #808]  INFO -- : 0:  hike (1.2.2) from /Users/flask/.rvm/gems/ruby-1.9.3-p484/specifications/hike-1.2.2.gemspec
I, [2014-03-29T15:47:40.528759 #808]  INFO -- : 0:  tilt (1.3.7) from /Users/flask/.rvm/gems/ruby-1.9.3-p484/specifications/tilt-1.3.7.gemspec
I, [2014-03-29T15:47:40.529677 #808]  INFO -- : 0:  sprockets (2.2.2) from /Users/flask/.rvm/gems/ruby-1.9.3-p484/specifications/sprockets-2.2.2.gemspec
I, [2014-03-29T15:47:40.530395 #808]  INFO -- : 0:  actionpack (3.2.13) from /Users/flask/.rvm/gems/ruby-1.9.3-p484/specifications/actionpack-3.2.13.gemspec
I, [2014-03-29T15:47:40.802618 #808]  INFO -- : 0:  mime-types (1.22) from /Users/flask/.rvm/gems/ruby-1.9.3-p484/specifications/mime-types-1.22.gemspec
I, [2014-03-29T15:47:40.803093 #808]  INFO -- : 0:  polyglot (0.3.3) from /Users/flask/.rvm/gems/ruby-1.9.3-p484/specifications/polyglot-0.3.3.gemspec
I, [2014-03-29T15:47:42.138147 #808]  INFO -- : 0:  treetop (1.4.12) from /Users/flask/.rvm/gems/ruby-1.9.3-p484/specifications/treetop-1.4.12.gemspec
I, [2014-03-29T15:47:43.081331 #808]  INFO -- : 0:  mail (2.5.3) from /Users/flask/.rvm/gems/ruby-1.9.3-p484/specifications/mail-2.5.3.gemspec
I, [2014-03-29T15:47:43.081839 #808]  INFO -- : 0:  actionmailer (3.2.13) from /Users/flask/.rvm/gems/ruby-1.9.3-p484/specifications/actionmailer-3.2.13.gemspec
I, [2014-03-29T15:47:43.551982 #808]  INFO -- : 0:  arel (3.0.2) from /Users/flask/.rvm/gems/ruby-1.9.3-p484/specifications/arel-3.0.2.gemspec
I, [2014-03-29T15:47:45.154667 #808]  INFO -- : 0:  tzinfo (0.3.37) from /Users/flask/.rvm/gems/ruby-1.9.3-p484/specifications/tzinfo-0.3.37.gemspec
I, [2014-03-29T15:47:45.155253 #808]  INFO -- : 0:  activerecord (3.2.13) from /Users/flask/.rvm/gems/ruby-1.9.3-p484/specifications/activerecord-3.2.13.gemspec
I, [2014-03-29T15:47:45.155695 #808]  INFO -- : 0:  activeresource (3.2.13) from /Users/flask/.rvm/gems/ruby-1.9.3-p484/specifications/activeresource-3.2.13.gemspec
I, [2014-03-29T15:47:47.227080 #808]  INFO -- : 0:  bcrypt-ruby (3.0.1) from /Users/flask/.rvm/gems/ruby-1.9.3-p484/specifications/bcrypt-ruby-3.0.1.gemspec
I, [2014-03-29T15:47:47.227738 #808]  INFO -- : 0:  bundler (1.5.1) from /Users/flask/.rvm/gems/ruby-1.9.3-p484/specifications/bundler-1.5.1.gemspec
I, [2014-03-29T15:47:47.565608 #808]  INFO -- : 0:  coffee-script-source (1.6.2) from /Users/flask/.rvm/gems/ruby-1.9.3-p484/specifications/coffee-script-source-1.6.2.gemspec
I, [2014-03-29T15:47:47.930651 #808]  INFO -- : 0:  execjs (1.4.0) from /Users/flask/.rvm/gems/ruby-1.9.3-p484/specifications/execjs-1.4.0.gemspec
I, [2014-03-29T15:47:47.931606 #808]  INFO -- : 0:  coffee-script (2.2.0) from /Users/flask/.rvm/gems/ruby-1.9.3-p484/specifications/coffee-script-2.2.0.gemspec
I, [2014-03-29T15:47:47.932095 #808]  INFO -- : 0:  rack-ssl (1.3.3) from /Users/flask/.rvm/gems/ruby-1.9.3-p484/specifications/rack-ssl-1.3.3.gemspec
I, [2014-03-29T15:47:49.831291 #808]  INFO -- : 0:  json (1.7.7) from /Users/flask/.rvm/gems/ruby-1.9.3-p484/specifications/json-1.7.7.gemspec
I, [2014-03-29T15:47:49.832637 #808]  INFO -- : 0:  rdoc (3.12.2) from /Users/flask/.rvm/gems/ruby-1.9.3-p484/specifications/rdoc-3.12.2.gemspec
I, [2014-03-29T15:47:49.833588 #808]  INFO -- : 0:  thor (0.18.1) from /Users/flask/.rvm/gems/ruby-1.9.3-p484/specifications/thor-0.18.1.gemspec
I, [2014-03-29T15:47:49.834602 #808]  INFO -- : 0:  railties (3.2.13) from /Users/flask/.rvm/gems/ruby-1.9.3-p484/specifications/railties-3.2.13.gemspec
I, [2014-03-29T15:47:49.835530 #808]  INFO -- : 0:  coffee-rails (3.2.2) from /Users/flask/.rvm/gems/ruby-1.9.3-p484/specifications/coffee-rails-3.2.2.gemspec
I, [2014-03-29T15:47:50.079257 #808]  INFO -- : 0:  orm_adapter (0.4.0) from /Users/flask/.rvm/gems/ruby-1.9.3-p484/specifications/orm_adapter-0.4.0.gemspec
I, [2014-03-29T15:47:50.549593 #808]  INFO -- : 0:  warden (1.2.1) from /Users/flask/.rvm/gems/ruby-1.9.3-p484/specifications/warden-1.2.1.gemspec
I, [2014-03-29T15:47:51.389307 #808]  INFO -- : 0:  devise (2.2.3) from /Users/flask/.rvm/gems/ruby-1.9.3-p484/specifications/devise-2.2.3.gemspec
I, [2014-03-29T15:47:51.754422 #808]  INFO -- : 0:  diff-lcs (1.2.3) from /Users/flask/.rvm/gems/ruby-1.9.3-p484/specifications/diff-lcs-1.2.3.gemspec
I, [2014-03-29T15:47:51.754963 #808]  INFO -- : 0:  rails (3.2.13) from /Users/flask/.rvm/gems/ruby-1.9.3-p484/specifications/rails-3.2.13.gemspec
I, [2014-03-29T15:47:51.755385 #808]  INFO -- : 0:  rmagick (2.13.2) from /Users/flask/.rvm/gems/ruby-1.9.3-p484/specifications/rmagick-2.13.2.gemspec
I, [2014-03-29T15:47:52.522311 #808]  INFO -- : 0:  rspec-core (2.13.1) from /Users/flask/.rvm/gems/ruby-1.9.3-p484/specifications/rspec-core-2.13.1.gemspec
I, [2014-03-29T15:47:53.175088 #808]  INFO -- : 0:  rspec-expectations (2.13.0) from /Users/flask/.rvm/gems/ruby-1.9.3-p484/specifications/rspec-expectations-2.13.0.gemspec
I, [2014-03-29T15:47:53.610770 #808]  INFO -- : 0:  rspec-mocks (2.13.1) from /Users/flask/.rvm/gems/ruby-1.9.3-p484/specifications/rspec-mocks-2.13.1.gemspec
I, [2014-03-29T15:47:54.173195 #808]  INFO -- : 0:  rspec-rails (2.13.0) from /Users/flask/.rvm/gems/ruby-1.9.3-p484/specifications/rspec-rails-2.13.0.gemspec
I, [2014-03-29T15:47:54.909450 #808]  INFO -- : 0:  simplecov-html (0.7.1) from /Users/flask/.rvm/gems/ruby-1.9.3-p484/specifications/simplecov-html-0.7.1.gemspec
I, [2014-03-29T15:47:55.337395 #808]  INFO -- : 0:  simplecov (0.7.1) from /Users/flask/.rvm/gems/ruby-1.9.3-p484/specifications/simplecov-0.7.1.gemspec
I, [2014-03-29T15:47:57.276141 #808]  INFO -- : 0:  yard (0.8.6.1) from /Users/flask/.rvm/gems/ruby-1.9.3-p484/specifications/yard-0.8.6.1.gemspec
I, [2014-03-29T15:47:57.848810 #808]  INFO -- : 0:  easy_captcha (0.6.3) from /Users/flask/.rvm/gems/ruby-1.9.3-p484/specifications/easy_captcha-0.6.3.gemspec
I, [2014-03-29T15:47:58.408163 #808]  INFO -- : 0:  hashie (2.0.3) from /Users/flask/.rvm/gems/ruby-1.9.3-p484/specifications/hashie-2.0.3.gemspec
I, [2014-03-29T15:47:59.270762 #808]  INFO -- : 0:  jquery-rails (2.2.1) from /Users/flask/.rvm/gems/ruby-1.9.3-p484/specifications/jquery-rails-2.2.1.gemspec
I, [2014-03-29T15:48:58.519944 #808]  INFO -- : 0:  libv8 (3.11.8.17) from /Users/flask/.rvm/gems/ruby-1.9.3-p484/specifications/libv8-3.11.8.17-x86_64-darwin-13.gemspec
I, [2014-03-29T15:49:00.589962 #808]  INFO -- : 0:  mysql2 (0.3.11) from /Users/flask/.rvm/gems/ruby-1.9.3-p484/specifications/mysql2-0.3.11.gemspec
I, [2014-03-29T15:49:01.279938 #808]  INFO -- : 0:  omniauth (1.1.4) from /Users/flask/.rvm/gems/ruby-1.9.3-p484/specifications/omniauth-1.1.4.gemspec
I, [2014-03-29T15:49:01.555639 #808]  INFO -- : 0:  ref (1.0.4) from /Users/flask/.rvm/gems/ruby-1.9.3-p484/specifications/ref-1.0.4.gemspec
I, [2014-03-29T15:49:02.452129 #808]  INFO -- : 0:  sass (3.2.7) from /Users/flask/.rvm/gems/ruby-1.9.3-p484/specifications/sass-3.2.7.gemspec
I, [2014-03-29T15:49:02.865429 #808]  INFO -- : 0:  sass-rails (3.2.6) from /Users/flask/.rvm/gems/ruby-1.9.3-p484/specifications/sass-rails-3.2.6.gemspec
I, [2014-03-29T15:49:03.058982 #808]  INFO -- : 0:  settingslogic (2.0.9) from /Users/flask/.rvm/gems/ruby-1.9.3-p484/specifications/settingslogic-2.0.9.gemspec
I, [2014-03-29T15:49:14.575799 #808]  INFO -- : 0:  therubyracer (0.11.4) from /Users/flask/.rvm/gems/ruby-1.9.3-p484/specifications/therubyracer-0.11.4.gemspec
I, [2014-03-29T15:49:14.970809 #808]  INFO -- : 0:  uglifier (2.0.1) from /Users/flask/.rvm/gems/ruby-1.9.3-p484/specifications/uglifier-2.0.1.gemspec
